  BikeDB.cpp
  BikeInfo.cpp
  BikeRent.cpp
  BikeRentUI.cpp
  RegisterNewBike.cpp
  RegisterNewBikeUI.cpp
  RentDB.cpp
  Session.cpp
  ShowBikeRent.cpp
  ShowBikeRentUI.cpp
  SignIn.cpp
  SignInUI.cpp
  SignOut.cpp
  SignOutUI.cpp
  SignUp.cpp
  SignUpUI.cpp
  UserDB.cpp
  UserInfo.cpp
  main.cpp
  코드를 생성하고 있습니다...
C:\Users\USER\source\repos\SWAssignment\SWAssignment\UserDB.cpp(35,1): warning C4715: 'UserDB::getMemberInfo': 모든 제어 경로에서 값을 반환하지는 않습니다.
C:\Users\USER\source\repos\SWAssignment\SWAssignment\BikeDB.cpp(35,1): warning C4715: 'BikeDB::getBikeInfo': 모든 제어 경로에서 값을 반환하지는 않습니다.
  SWAssignment.vcxproj -> C:\Users\USER\source\repos\SWAssignment\x64\Debug\SWAssignment.exe
